<?xml version="1.0" encoding="UTF-8"?>
<testsuite xmlns:xsi="http://www.w3.org/2001/XMLSchema-instance" xsi:noNamespaceSchemaLocation="https://maven.apache.org/surefire/maven-surefire-plugin/xsd/surefire-test-report.xsd" version="3.0.2" name="com.Oltursa.PDAM2.Pdam2ApplicationTests" time="11.212" tests="1" errors="0" skipped="0" failures="0" flakes="0">
  <properties>
[...]
</properties>
  <testcase name="contextLoads" classname="com.Oltursa.PDAM2.Pdam2ApplicationTests" time="0.779">
    <system-out><![CDATA[10:21:49.236 [main] INFO org.springframework.test.context.support.AnnotationConfigContextLoaderUtils -- Could not detect default configuration classes for test class [com.Oltursa.PDAM2.Pdam2ApplicationTests]: Pdam2ApplicationTests does not declare any static, non-private, non-final, nested classes annotated with @Configuration.
10:21:49.459 [main] INFO org.springframework.boot.test.context.SpringBootTestContextBootstrapper -- Found @SpringBootConfiguration com.Oltursa.PDAM2.Pdam2Application for test class com.Oltursa.PDAM2.Pdam2ApplicationTests
10:21:49.671 [main] INFO org.springframework.test.context.support.AnnotationConfigContextLoaderUtils -- Could not detect default configuration classes for test class [com.Oltursa.PDAM2.Pdam2ApplicationTests]: Pdam2ApplicationTests does not declare any static, non-private, non-final, nested classes annotated with @Configuration.
10:21:49.674 [main] INFO org.springframework.boot.test.context.SpringBootTestContextBootstrapper -- Found @SpringBootConfiguration com.Oltursa.PDAM2.Pdam2Application for test class com.Oltursa.PDAM2.Pdam2ApplicationTests
10:21:49.862 [main] INFO org.springframework.boot.devtools.restart.RestartApplicationListener -- Restart disabled due to context in which it is running

  .   ____          _            __ _ _
 /\\ / ___'_ __ _ _(_)_ __  __ _ \ \ \ \
( ( )\___ | '_ | '_| | '_ \/ _` | \ \ \ \
 \\/  ___)| |_)| | | | | || (_| |  ) ) ) )
  '  |____| .__|_| |_|_| |_\__, | / / / /
 =========|_|==============|___/=/_/_/_/

 :: Spring Boot ::                (v4.0.6)

2026-04-24T10:21:50.456-05:00  INFO 12516 --- [PDAM2] [           main] c.Oltursa.PDAM2.Pdam2ApplicationTests    : Starting Pdam2ApplicationTests using Java 23.0.2 with PID 12516 (started by NIVER in C:\Users\NIVER\Downloads\PDAM2)
2026-04-24T10:21:50.460-05:00  INFO 12516 --- [PDAM2] [           main] c.Oltursa.PDAM2.Pdam2ApplicationTests    : No active profile set, falling back to 1 default profile: "default"
2026-04-24T10:21:51.895-05:00  INFO 12516 --- [PDAM2] [           main] .s.d.r.c.RepositoryConfigurationDelegate : Bootstrapping Spring Data JPA repositories in DEFAULT mode.
2026-04-24T10:21:51.992-05:00  INFO 12516 --- [PDAM2] [           main] .s.d.r.c.RepositoryConfigurationDelegate : Finished Spring Data repository scanning in 77 ms. Found 1 JPA repository interface.
2026-04-24T10:21:52.921-05:00  INFO 12516 --- [PDAM2] [           main] org.hibernate.orm.jpa                    : HHH008540: Processing PersistenceUnitInfo [name: default]
2026-04-24T10:21:53.031-05:00  INFO 12516 --- [PDAM2] [           main] org.hibernate.orm.core                   : HHH000001: Hibernate ORM core version 7.2.12.Final
2026-04-24T10:21:54.012-05:00  INFO 12516 --- [PDAM2] [           main] o.s.o.j.p.SpringPersistenceUnitInfo      : No LoadTimeWeaver setup: ignoring JPA class transformer
2026-04-24T10:21:54.085-05:00  INFO 12516 --- [PDAM2] [           main] com.zaxxer.hikari.HikariDataSource       : HikariPool-1 - Starting...
2026-04-24T10:21:55.706-05:00  INFO 12516 --- [PDAM2] [           main] com.zaxxer.hikari.pool.HikariPool        : HikariPool-1 - Added connection com.mysql.cj.jdbc.ConnectionImpl@3e55eeb9
2026-04-24T10:21:55.712-05:00  INFO 12516 --- [PDAM2] [           main] com.zaxxer.hikari.HikariDataSource       : HikariPool-1 - Start completed.
2026-04-24T10:21:56.020-05:00  WARN 12516 --- [PDAM2] [           main] org.hibernate.orm.deprecation            : HHH90000025: MySQLDialect does not need to be specified explicitly using 'hibernate.dialect' (remove the property setting and it will be selected by default)
2026-04-24T10:21:56.183-05:00  INFO 12516 --- [PDAM2] [           main] org.hibernate.orm.connections.pooling    : HHH10001005: Database info:
	Database JDBC URL [jdbc:mysql://root:vVzkikMjMZRNQrEJSulPGyGFafLiiCsr@monorail.proxy.rlwy.net:48843/railway]
	Database driver: MySQL Connector/J
	Database dialect: MySQLDialect
	Database version: 9.4
	Default catalog/schema: railway/undefined
	Autocommit mode: undefined/unknown
	Isolation level: REPEATABLE_READ [default REPEATABLE_READ]
	JDBC fetch size: none
	Pool: DataSourceConnectionProvider
	Minimum pool size: undefined/unknown
	Maximum pool size: undefined/unknown
2026-04-24T10:21:57.496-05:00  INFO 12516 --- [PDAM2] [           main] org.hibernate.orm.core                   : HHH000489: No JTA platform available (set 'hibernate.transaction.jta.platform' to enable JTA platform integration)
2026-04-24T10:21:57.957-05:00  INFO 12516 --- [PDAM2] [           main] j.LocalContainerEntityManagerFactoryBean : Initialized JPA EntityManagerFactory for persistence unit 'default'
2026-04-24T10:21:58.162-05:00  INFO 12516 --- [PDAM2] [           main] o.s.d.j.r.query.QueryEnhancerFactories   : Hibernate is in classpath; If applicable, HQL parser will be used.
2026-04-24T10:21:58.481-05:00  WARN 12516 --- [PDAM2] [           main] JpaBaseConfiguration$JpaWebConfiguration : spring.jpa.open-in-view is enabled by default. Therefore, database queries may be performed during view rendering. Explicitly configure spring.jpa.open-in-view to disable this warning
2026-04-24T10:21:59.266-05:00  INFO 12516 --- [PDAM2] [           main] c.Oltursa.PDAM2.Pdam2ApplicationTests    : Started Pdam2ApplicationTests in 9.436 seconds (process running for 11.717)
]]></system-out>
    <system-err><![CDATA[Mockito is currently self-attaching to enable the inline-mock-maker. This will no longer work in future releases of the JDK. Please add Mockito as an agent to your build as described in Mockito's documentation: https://javadoc.io/doc/org.mockito/mockito-core/latest/org.mockito/org/mockito/Mockito.html#0.3
WARNING: A Java agent has been loaded dynamically (C:\Users\NIVER\.m2\repository\net\bytebuddy\byte-buddy-agent\1.17.8\byte-buddy-agent-1.17.8.jar)
WARNING: If a serviceability tool is in use, please run with -XX:+EnableDynamicAgentLoading to hide this warning
WARNING: If a serviceability tool is not in use, please run with -Djdk.instrument.traceUsage for more information
WARNING: Dynamic loading of agents will be disallowed by default in a future release
]]></system-err>
  </testcase>
</testsuite>